[2022-03-22T16:25:13.336Z] Validating found git in: git
[2022-03-22T16:25:13.343Z] Using git 2.35.1 from git
[2022-03-22T16:53:23.526Z] > git init [18ms]
[2022-03-22T16:53:23.527Z] hint: Using 'master' as the name for the initial branch. This default branch name
hint: is subject to change. To configure the initial branch name to use in all
hint: of your new repositories, which will suppress this warning, call:
hint: 
hint: 	git config --global init.defaultBranch <name>
hint: 
hint: Names commonly chosen instead of 'master' are 'main', 'trunk' and
hint: 'development'. The just-created branch can be renamed via this command:
hint: 
hint: 	git branch -m <name>
[2022-03-22T16:53:24.089Z] > git rev-parse --git-dir [0ms]
[2022-03-22T16:53:24.094Z] Open repository: /home/maxrink/.config
[2022-03-22T16:53:24.119Z] > git symbolic-ref --short HEAD [1ms]
[2022-03-22T16:53:24.122Z] > git for-each-ref --format=%(refname)%00%(upstream:short)%00%(objectname)%00%(upstream:track) refs/heads/master refs/remotes/master [1ms]
[2022-03-22T16:53:24.128Z] > git remote --verbose [1ms]
[2022-03-22T16:53:24.128Z] > git for-each-ref --sort -committerdate --format %(refname) %(objectname) %(*objectname) [3ms]
[2022-03-22T16:53:24.143Z] > git config --get commit.template [1ms]
[2022-03-22T16:53:24.543Z] > git ls-files --stage -- /home/maxrink/.config/leftwm/config.toml [2ms]
[2022-03-22T16:53:24.543Z] > git ls-files --stage -- /home/maxrink/.config/i3/bin/launchbar.sh [1ms]
[2022-03-22T16:53:25.604Z] > git symbolic-ref --short HEAD [0ms]
[2022-03-22T16:53:25.607Z] > git for-each-ref --format=%(refname)%00%(upstream:short)%00%(objectname)%00%(upstream:track) refs/heads/master refs/remotes/master [0ms]
[2022-03-22T16:53:25.612Z] > git for-each-ref --sort -committerdate --format %(refname) %(objectname) %(*objectname) [2ms]
[2022-03-22T16:53:25.612Z] > git remote --verbose [0ms]
[2022-03-22T16:53:25.622Z] > git config --get commit.template [1ms]
[2022-03-22T16:53:32.916Z] > git symbolic-ref --short HEAD [3ms]
[2022-03-22T16:53:32.919Z] > git for-each-ref --format=%(refname)%00%(upstream:short)%00%(objectname)%00%(upstream:track) refs/heads/master refs/remotes/master [1ms]
[2022-03-22T16:53:32.922Z] > git for-each-ref --sort -committerdate --format %(refname) %(objectname) %(*objectname) [2ms]
[2022-03-22T16:53:32.922Z] > git remote --verbose [1ms]
[2022-03-22T16:53:32.929Z] > git config --get commit.template [1ms]
[2022-03-22T16:53:33.322Z] > git add -A -- . [406ms]
[2022-03-22T16:53:33.333Z] > git -c user.useConfigOnly=true commit --quiet --allow-empty-message --file - [7ms]
[2022-03-22T16:53:33.333Z] Author identity unknown

*** Please tell me who you are.

Run

  git config --global user.email "you@example.com"
  git config --global user.name "Your Name"

to set your account's default identity.
Omit --global to set the identity only in this repository.

fatal: no email was given and auto-detection is disabled
[2022-03-22T16:53:33.336Z] > git config --get-all user.name [0ms]
[2022-03-22T16:53:41.119Z] > git ls-files --stage -- /home/maxrink/.config/leftwm/config.toml [3ms]
[2022-03-22T16:53:41.121Z] > git symbolic-ref --short HEAD [8ms]
[2022-03-22T16:53:41.124Z] > git cat-file -s 9d9bc37a6961b0f137d60e6d6b9fa097ee2d81e7 [3ms]
[2022-03-22T16:53:41.124Z] > git ls-files --stage -- /home/maxrink/.config/i3/bin/launchbar.sh [6ms]
[2022-03-22T16:53:41.126Z] > git for-each-ref --format=%(refname)%00%(upstream:short)%00%(objectname)%00%(upstream:track) refs/heads/master refs/remotes/master [3ms]
[2022-03-22T16:53:41.133Z] > git for-each-ref --sort -committerdate --format %(refname) %(objectname) %(*objectname) [5ms]
[2022-03-22T16:53:41.133Z] > git cat-file -s af0753947995517c8c7db8801a593c9eb398750a [7ms]
[2022-03-22T16:53:41.134Z] > git remote --verbose [4ms]
[2022-03-22T16:53:41.144Z] > git config --get commit.template [1ms]
[2022-03-22T16:59:40.143Z] > git symbolic-ref --short HEAD [1ms]
[2022-03-22T16:59:40.146Z] > git for-each-ref --format=%(refname)%00%(upstream:short)%00%(objectname)%00%(upstream:track) refs/heads/master refs/remotes/master [0ms]
[2022-03-22T16:59:40.151Z] > git for-each-ref --sort -committerdate --format %(refname) %(objectname) %(*objectname) [3ms]
[2022-03-22T16:59:40.151Z] > git remote --verbose [1ms]
[2022-03-22T16:59:40.160Z] > git config --get commit.template [0ms]
[2022-03-22T17:03:45.809Z] > git symbolic-ref --short HEAD [1ms]
[2022-03-22T17:03:45.811Z] > git for-each-ref --format=%(refname)%00%(upstream:short)%00%(objectname)%00%(upstream:track) refs/heads/master refs/remotes/master [0ms]
[2022-03-22T17:03:45.816Z] > git for-each-ref --sort -committerdate --format %(refname) %(objectname) %(*objectname) [3ms]
[2022-03-22T17:03:45.816Z] > git remote --verbose [1ms]
[2022-03-22T17:03:45.822Z] > git config --get commit.template [0ms]
[2022-03-22T17:03:50.833Z] > git symbolic-ref --short HEAD [0ms]
[2022-03-22T17:03:50.837Z] > git for-each-ref --format=%(refname)%00%(upstream:short)%00%(objectname)%00%(upstream:track) refs/heads/master refs/remotes/master [1ms]
[2022-03-22T17:03:50.842Z] > git for-each-ref --sort -committerdate --format %(refname) %(objectname) %(*objectname) [2ms]
[2022-03-22T17:03:50.842Z] > git remote --verbose [0ms]
[2022-03-22T17:03:50.848Z] > git config --get commit.template [0ms]
[2022-03-22T17:03:55.426Z] > git ls-files --stage -- /home/maxrink/.config/VSCodium/storage.json [34ms]
[2022-03-22T17:03:55.430Z] > git cat-file -s 1bbfa1ca11f8876f2354c689c991b098af63796a [1ms]
[2022-03-22T17:03:55.860Z] > git symbolic-ref --short HEAD [1ms]
[2022-03-22T17:03:55.864Z] > git for-each-ref --format=%(refname)%00%(upstream:short)%00%(objectname)%00%(upstream:track) refs/heads/master refs/remotes/master [0ms]
[2022-03-22T17:03:55.869Z] > git for-each-ref --sort -committerdate --format %(refname) %(objectname) %(*objectname) [3ms]
[2022-03-22T17:03:55.869Z] > git remote --verbose [0ms]
[2022-03-22T17:03:55.875Z] > git config --get commit.template [0ms]
[2022-03-22T17:04:00.887Z] > git symbolic-ref --short HEAD [1ms]
[2022-03-22T17:04:00.890Z] > git for-each-ref --format=%(refname)%00%(upstream:short)%00%(objectname)%00%(upstream:track) refs/heads/master refs/remotes/master [0ms]
[2022-03-22T17:04:00.895Z] > git for-each-ref --sort -committerdate --format %(refname) %(objectname) %(*objectname) [3ms]
[2022-03-22T17:04:00.895Z] > git remote --verbose [0ms]
[2022-03-22T17:04:00.903Z] > git config --get commit.template [0ms]
[2022-03-22T17:04:01.946Z] > git ls-files --stage -- /home/maxrink/.config/i3/bin/launchbar.sh [1ms]
[2022-03-22T17:04:01.950Z] > git cat-file -s af0753947995517c8c7db8801a593c9eb398750a [1ms]
[2022-03-22T17:04:05.914Z] > git symbolic-ref --short HEAD [1ms]
[2022-03-22T17:04:05.917Z] > git for-each-ref --format=%(refname)%00%(upstream:short)%00%(objectname)%00%(upstream:track) refs/heads/master refs/remotes/master [1ms]
[2022-03-22T17:04:05.922Z] > git for-each-ref --sort -committerdate --format %(refname) %(objectname) %(*objectname) [2ms]
[2022-03-22T17:04:05.923Z] > git remote --verbose [1ms]
[2022-03-22T17:04:05.932Z] > git config --get commit.template [2ms]
[2022-03-22T17:04:10.944Z] > git symbolic-ref --short HEAD [1ms]
[2022-03-22T17:04:10.947Z] > git for-each-ref --format=%(refname)%00%(upstream:short)%00%(objectname)%00%(upstream:track) refs/heads/master refs/remotes/master [0ms]
[2022-03-22T17:04:10.954Z] > git remote --verbose [1ms]
[2022-03-22T17:04:10.954Z] > git for-each-ref --sort -committerdate --format %(refname) %(objectname) %(*objectname) [4ms]
[2022-03-22T17:04:10.963Z] > git config --get commit.template [1ms]
[2022-03-22T17:04:15.973Z] > git symbolic-ref --short HEAD [1ms]
[2022-03-22T17:04:15.976Z] > git for-each-ref --format=%(refname)%00%(upstream:short)%00%(objectname)%00%(upstream:track) refs/heads/master refs/remotes/master [0ms]
[2022-03-22T17:04:15.983Z] > git remote --verbose [1ms]
[2022-03-22T17:04:15.983Z] > git for-each-ref --sort -committerdate --format %(refname) %(objectname) %(*objectname) [4ms]
[2022-03-22T17:04:15.991Z] > git config --get commit.template [1ms]
[2022-03-22T17:04:21.004Z] > git symbolic-ref --short HEAD [1ms]
[2022-03-22T17:04:21.009Z] > git for-each-ref --format=%(refname)%00%(upstream:short)%00%(objectname)%00%(upstream:track) refs/heads/master refs/remotes/master [2ms]
[2022-03-22T17:04:21.014Z] > git for-each-ref --sort -committerdate --format %(refname) %(objectname) %(*objectname) [2ms]
[2022-03-22T17:04:21.014Z] > git remote --verbose [1ms]
[2022-03-22T17:04:21.023Z] > git config --get commit.template [2ms]
[2022-03-22T17:04:26.035Z] > git symbolic-ref --short HEAD [1ms]
[2022-03-22T17:04:26.039Z] > git for-each-ref --format=%(refname)%00%(upstream:short)%00%(objectname)%00%(upstream:track) refs/heads/master refs/remotes/master [1ms]
[2022-03-22T17:04:26.045Z] > git for-each-ref --sort -committerdate --format %(refname) %(objectname) %(*objectname) [4ms]
[2022-03-22T17:04:26.045Z] > git remote --verbose [1ms]
[2022-03-22T17:04:26.053Z] > git config --get commit.template [1ms]
[2022-03-22T17:04:30.021Z] > git ls-files --stage -- /home/maxrink/.config/i3/bin/autostart.sh [1ms]
[2022-03-22T17:04:30.025Z] > git cat-file -s 48518279d3a0746b7887b0af3597f4f7c06bfdd3 [0ms]
[2022-03-22T17:04:31.064Z] > git symbolic-ref --short HEAD [0ms]
[2022-03-22T17:04:31.068Z] > git for-each-ref --format=%(refname)%00%(upstream:short)%00%(objectname)%00%(upstream:track) refs/heads/master refs/remotes/master [1ms]
[2022-03-22T17:04:31.074Z] > git remote --verbose [1ms]
[2022-03-22T17:04:31.074Z] > git for-each-ref --sort -committerdate --format %(refname) %(objectname) %(*objectname) [4ms]
[2022-03-22T17:04:31.083Z] > git config --get commit.template [0ms]
[2022-03-22T17:04:36.117Z] > git symbolic-ref --short HEAD [1ms]
[2022-03-22T17:04:36.121Z] > git for-each-ref --format=%(refname)%00%(upstream:short)%00%(objectname)%00%(upstream:track) refs/heads/master refs/remotes/master [1ms]
[2022-03-22T17:04:36.124Z] > git for-each-ref --sort -committerdate --format %(refname) %(objectname) %(*objectname) [2ms]
[2022-03-22T17:04:36.124Z] > git remote --verbose [0ms]
[2022-03-22T17:04:36.129Z] > git config --get commit.template [0ms]
[2022-03-22T17:04:41.140Z] > git symbolic-ref --short HEAD [1ms]
[2022-03-22T17:04:41.144Z] > git for-each-ref --format=%(refname)%00%(upstream:short)%00%(objectname)%00%(upstream:track) refs/heads/master refs/remotes/master [1ms]
[2022-03-22T17:04:41.150Z] > git for-each-ref --sort -committerdate --format %(refname) %(objectname) %(*objectname) [3ms]
[2022-03-22T17:04:41.150Z] > git remote --verbose [0ms]
[2022-03-22T17:04:41.157Z] > git config --get commit.template [0ms]
[2022-03-22T17:04:46.169Z] > git symbolic-ref --short HEAD [0ms]
[2022-03-22T17:04:46.173Z] > git for-each-ref --format=%(refname)%00%(upstream:short)%00%(objectname)%00%(upstream:track) refs/heads/master refs/remotes/master [1ms]
[2022-03-22T17:04:46.181Z] > git for-each-ref --sort -committerdate --format %(refname) %(objectname) %(*objectname) [4ms]
[2022-03-22T17:04:46.181Z] > git remote --verbose [1ms]
[2022-03-22T17:04:46.190Z] > git config --get commit.template [1ms]
[2022-03-22T17:18:47.273Z] > git symbolic-ref --short HEAD [1ms]
[2022-03-22T17:18:47.276Z] > git for-each-ref --format=%(refname)%00%(upstream:short)%00%(objectname)%00%(upstream:track) refs/heads/master refs/remotes/master [0ms]
[2022-03-22T17:18:47.281Z] > git for-each-ref --sort -committerdate --format %(refname) %(objectname) %(*objectname) [2ms]
[2022-03-22T17:18:47.281Z] > git remote --verbose [1ms]
[2022-03-22T17:18:47.287Z] > git config --get commit.template [0ms]
[2022-03-22T17:18:50.598Z] > git ls-files --stage -- /home/maxrink/.config/i3/polybar/.module [1ms]
[2022-03-22T17:18:50.601Z] > git cat-file -s e69de29bb2d1d6434b8b29ae775ad8c2e48c5391 [0ms]
[2022-03-22T17:18:52.298Z] > git symbolic-ref --short HEAD [0ms]
[2022-03-22T17:18:52.301Z] > git for-each-ref --format=%(refname)%00%(upstream:short)%00%(objectname)%00%(upstream:track) refs/heads/master refs/remotes/master [0ms]
[2022-03-22T17:18:52.306Z] > git for-each-ref --sort -committerdate --format %(refname) %(objectname) %(*objectname) [3ms]
[2022-03-22T17:18:52.306Z] > git remote --verbose [0ms]
[2022-03-22T17:18:52.315Z] > git config --get commit.template [1ms]
[2022-03-22T17:18:57.326Z] > git symbolic-ref --short HEAD [1ms]
[2022-03-22T17:18:57.330Z] > git for-each-ref --format=%(refname)%00%(upstream:short)%00%(objectname)%00%(upstream:track) refs/heads/master refs/remotes/master [1ms]
[2022-03-22T17:18:57.336Z] > git for-each-ref --sort -committerdate --format %(refname) %(objectname) %(*objectname) [3ms]
[2022-03-22T17:18:57.336Z] > git remote --verbose [0ms]
[2022-03-22T17:18:57.344Z] > git config --get commit.template [2ms]
[2022-03-22T17:18:59.194Z] > git ls-files --stage -- /home/maxrink/.config/i3/polybar/modules [1ms]
[2022-03-22T17:18:59.197Z] > git cat-file -s 1fc437fb96f6f85597efd36bb4439ddc02e51e92 [0ms]
[2022-03-22T17:19:02.354Z] > git symbolic-ref --short HEAD [1ms]
[2022-03-22T17:19:02.358Z] > git for-each-ref --format=%(refname)%00%(upstream:short)%00%(objectname)%00%(upstream:track) refs/heads/master refs/remotes/master [1ms]
[2022-03-22T17:19:02.364Z] > git remote --verbose [1ms]
[2022-03-22T17:19:02.364Z] > git for-each-ref --sort -committerdate --format %(refname) %(objectname) %(*objectname) [3ms]
[2022-03-22T17:19:02.373Z] > git config --get commit.template [1ms]
[2022-03-22T17:19:07.384Z] > git symbolic-ref --short HEAD [0ms]
[2022-03-22T17:19:07.388Z] > git for-each-ref --format=%(refname)%00%(upstream:short)%00%(objectname)%00%(upstream:track) refs/heads/master refs/remotes/master [1ms]
[2022-03-22T17:19:07.394Z] > git for-each-ref --sort -committerdate --format %(refname) %(objectname) %(*objectname) [3ms]
[2022-03-22T17:19:07.394Z] > git remote --verbose [0ms]
[2022-03-22T17:19:07.404Z] > git config --get commit.template [0ms]
[2022-03-22T17:19:12.414Z] > git symbolic-ref --short HEAD [0ms]
[2022-03-22T17:19:12.417Z] > git for-each-ref --format=%(refname)%00%(upstream:short)%00%(objectname)%00%(upstream:track) refs/heads/master refs/remotes/master [0ms]
[2022-03-22T17:19:12.421Z] > git for-each-ref --sort -committerdate --format %(refname) %(objectname) %(*objectname) [2ms]
[2022-03-22T17:19:12.421Z] > git remote --verbose [0ms]
[2022-03-22T17:19:12.429Z] > git config --get commit.template [1ms]
[2022-03-22T17:19:17.440Z] > git symbolic-ref --short HEAD [1ms]
[2022-03-22T17:19:17.444Z] > git for-each-ref --format=%(refname)%00%(upstream:short)%00%(objectname)%00%(upstream:track) refs/heads/master refs/remotes/master [1ms]
[2022-03-22T17:19:17.450Z] > git for-each-ref --sort -committerdate --format %(refname) %(objectname) %(*objectname) [4ms]
[2022-03-22T17:19:17.450Z] > git remote --verbose [0ms]
[2022-03-22T17:19:17.456Z] > git config --get commit.template [0ms]
[2022-03-22T17:19:22.467Z] > git symbolic-ref --short HEAD [0ms]
[2022-03-22T17:19:22.471Z] > git for-each-ref --format=%(refname)%00%(upstream:short)%00%(objectname)%00%(upstream:track) refs/heads/master refs/remotes/master [0ms]
[2022-03-22T17:19:22.479Z] > git for-each-ref --sort -committerdate --format %(refname) %(objectname) %(*objectname) [4ms]
[2022-03-22T17:19:22.479Z] > git remote --verbose [1ms]
[2022-03-22T17:19:22.488Z] > git config --get commit.template [1ms]
[2022-03-22T17:19:26.993Z] > git ls-files --stage -- /home/maxrink/.config/leftwm/themes/current/polybar.config [2ms]
[2022-03-22T17:19:27.498Z] > git symbolic-ref --short HEAD [1ms]
[2022-03-22T17:19:27.501Z] > git for-each-ref --format=%(refname)%00%(upstream:short)%00%(objectname)%00%(upstream:track) refs/heads/master refs/remotes/master [0ms]
[2022-03-22T17:19:27.507Z] > git remote --verbose [0ms]
[2022-03-22T17:19:27.507Z] > git for-each-ref --sort -committerdate --format %(refname) %(objectname) %(*objectname) [3ms]
[2022-03-22T17:19:27.515Z] > git config --get commit.template [1ms]
[2022-03-22T17:19:31.631Z] > git ls-files --stage -- /home/maxrink/.config/leftwm/themes/tomorrow-night/polybar.config [1ms]
[2022-03-22T17:19:31.634Z] > git cat-file -s bd9595ce5d693ffdfccc6102c9d5f150b3cf8aec [0ms]
[2022-03-22T17:19:32.526Z] > git symbolic-ref --short HEAD [0ms]
[2022-03-22T17:19:32.530Z] > git for-each-ref --format=%(refname)%00%(upstream:short)%00%(objectname)%00%(upstream:track) refs/heads/master refs/remotes/master [1ms]
[2022-03-22T17:19:32.536Z] > git remote --verbose [1ms]
[2022-03-22T17:19:32.536Z] > git for-each-ref --sort -committerdate --format %(refname) %(objectname) %(*objectname) [4ms]
[2022-03-22T17:19:32.543Z] > git config --get commit.template [0ms]
[2022-03-22T17:19:37.249Z] > git ls-files --stage -- /home/maxrink/.config/leftwm/themes/current/polybar.config [1ms]
[2022-03-22T17:19:37.554Z] > git symbolic-ref --short HEAD [0ms]
[2022-03-22T17:19:37.557Z] > git for-each-ref --format=%(refname)%00%(upstream:short)%00%(objectname)%00%(upstream:track) refs/heads/master refs/remotes/master [0ms]
[2022-03-22T17:19:37.564Z] > git remote --verbose [0ms]
[2022-03-22T17:19:37.564Z] > git for-each-ref --sort -committerdate --format %(refname) %(objectname) %(*objectname) [3ms]
[2022-03-22T17:19:37.573Z] > git config --get commit.template [1ms]
[2022-03-22T17:19:38.646Z] > git ls-files --stage -- /home/maxrink/.config/i3/polybar/modules [1ms]
[2022-03-22T17:19:38.650Z] > git cat-file -s 1fc437fb96f6f85597efd36bb4439ddc02e51e92 [1ms]
[2022-03-22T17:19:44.419Z] > git symbolic-ref --short HEAD [0ms]
[2022-03-22T17:19:44.423Z] > git for-each-ref --format=%(refname)%00%(upstream:short)%00%(objectname)%00%(upstream:track) refs/heads/master refs/remotes/master [1ms]
[2022-03-22T17:19:44.429Z] > git remote --verbose [0ms]
[2022-03-22T17:19:44.430Z] > git for-each-ref --sort -committerdate --format %(refname) %(objectname) %(*objectname) [4ms]
[2022-03-22T17:19:44.442Z] > git config --get commit.template [0ms]
[2022-03-22T17:19:49.453Z] > git symbolic-ref --short HEAD [1ms]
[2022-03-22T17:19:49.456Z] > git for-each-ref --format=%(refname)%00%(upstream:short)%00%(objectname)%00%(upstream:track) refs/heads/master refs/remotes/master [1ms]
[2022-03-22T17:19:49.463Z] > git remote --verbose [1ms]
[2022-03-22T17:19:49.463Z] > git for-each-ref --sort -committerdate --format %(refname) %(objectname) %(*objectname) [3ms]
[2022-03-22T17:19:49.470Z] > git config --get commit.template [1ms]
[2022-03-22T17:19:54.481Z] > git symbolic-ref --short HEAD [1ms]
[2022-03-22T17:19:54.484Z] > git for-each-ref --format=%(refname)%00%(upstream:short)%00%(objectname)%00%(upstream:track) refs/heads/master refs/remotes/master [1ms]
[2022-03-22T17:19:54.489Z] > git for-each-ref --sort -committerdate --format %(refname) %(objectname) %(*objectname) [3ms]
[2022-03-22T17:19:54.489Z] > git remote --verbose [0ms]
[2022-03-22T17:19:54.497Z] > git config --get commit.template [0ms]
[2022-03-22T17:20:01.308Z] > git symbolic-ref --short HEAD [0ms]
[2022-03-22T17:20:01.311Z] > git for-each-ref --format=%(refname)%00%(upstream:short)%00%(objectname)%00%(upstream:track) refs/heads/master refs/remotes/master [0ms]
[2022-03-22T17:20:01.317Z] > git for-each-ref --sort -committerdate --format %(refname) %(objectname) %(*objectname) [3ms]
[2022-03-22T17:20:01.317Z] > git remote --verbose [0ms]
[2022-03-22T17:20:01.324Z] > git config --get commit.template [1ms]
[2022-03-22T17:20:03.637Z] > git ls-files --stage -- /home/maxrink/.config/conkeww/conkeww-panes.yuck [1ms]
[2022-03-22T17:20:03.640Z] > git cat-file -s 58e652fd1f28670755853bfbb74da621c95beacb [0ms]
[2022-03-22T17:20:06.334Z] > git symbolic-ref --short HEAD [1ms]
[2022-03-22T17:20:06.337Z] > git for-each-ref --format=%(refname)%00%(upstream:short)%00%(objectname)%00%(upstream:track) refs/heads/master refs/remotes/master [1ms]
[2022-03-22T17:20:06.342Z] > git for-each-ref --sort -committerdate --format %(refname) %(objectname) %(*objectname) [3ms]
[2022-03-22T17:20:06.342Z] > git remote --verbose [0ms]
[2022-03-22T17:20:06.350Z] > git config --get commit.template [1ms]
[2022-03-22T17:20:11.360Z] > git symbolic-ref --short HEAD [1ms]
[2022-03-22T17:20:11.362Z] > git for-each-ref --format=%(refname)%00%(upstream:short)%00%(objectname)%00%(upstream:track) refs/heads/master refs/remotes/master [0ms]
[2022-03-22T17:20:11.367Z] > git for-each-ref --sort -committerdate --format %(refname) %(objectname) %(*objectname) [2ms]
[2022-03-22T17:20:11.368Z] > git remote --verbose [1ms]
[2022-03-22T17:20:11.373Z] > git config --get commit.template [1ms]
[2022-03-22T17:20:16.384Z] > git symbolic-ref --short HEAD [1ms]
[2022-03-22T17:20:16.387Z] > git for-each-ref --format=%(refname)%00%(upstream:short)%00%(objectname)%00%(upstream:track) refs/heads/master refs/remotes/master [0ms]
[2022-03-22T17:20:16.394Z] > git remote --verbose [0ms]
[2022-03-22T17:20:16.394Z] > git for-each-ref --sort -committerdate --format %(refname) %(objectname) %(*objectname) [4ms]
[2022-03-22T17:20:16.404Z] > git config --get commit.template [2ms]
[2022-03-22T17:20:21.414Z] > git symbolic-ref --short HEAD [1ms]
[2022-03-22T17:20:21.417Z] > git for-each-ref --format=%(refname)%00%(upstream:short)%00%(objectname)%00%(upstream:track) refs/heads/master refs/remotes/master [0ms]
[2022-03-22T17:20:21.423Z] > git remote --verbose [1ms]
[2022-03-22T17:20:21.423Z] > git for-each-ref --sort -committerdate --format %(refname) %(objectname) %(*objectname) [3ms]
[2022-03-22T17:20:21.434Z] > git config --get commit.template [2ms]
[2022-03-22T17:20:26.447Z] > git symbolic-ref --short HEAD [1ms]
[2022-03-22T17:20:26.450Z] > git for-each-ref --format=%(refname)%00%(upstream:short)%00%(objectname)%00%(upstream:track) refs/heads/master refs/remotes/master [0ms]
[2022-03-22T17:20:26.455Z] > git for-each-ref --sort -committerdate --format %(refname) %(objectname) %(*objectname) [2ms]
[2022-03-22T17:20:26.455Z] > git remote --verbose [0ms]
[2022-03-22T17:20:26.463Z] > git config --get commit.template [1ms]
[2022-03-22T17:20:31.474Z] > git symbolic-ref --short HEAD [1ms]
[2022-03-22T17:20:31.477Z] > git for-each-ref --format=%(refname)%00%(upstream:short)%00%(objectname)%00%(upstream:track) refs/heads/master refs/remotes/master [0ms]
[2022-03-22T17:20:31.484Z] > git for-each-ref --sort -committerdate --format %(refname) %(objectname) %(*objectname) [3ms]
[2022-03-22T17:20:31.485Z] > git remote --verbose [1ms]
[2022-03-22T17:20:31.491Z] > git config --get commit.template [1ms]
[2022-03-22T17:20:36.502Z] > git symbolic-ref --short HEAD [1ms]
[2022-03-22T17:20:36.506Z] > git for-each-ref --format=%(refname)%00%(upstream:short)%00%(objectname)%00%(upstream:track) refs/heads/master refs/remotes/master [1ms]
[2022-03-22T17:20:36.512Z] > git for-each-ref --sort -committerdate --format %(refname) %(objectname) %(*objectname) [3ms]
[2022-03-22T17:20:36.512Z] > git remote --verbose [0ms]
[2022-03-22T17:20:36.520Z] > git config --get commit.template [1ms]
[2022-03-22T17:20:41.533Z] > git symbolic-ref --short HEAD [1ms]
[2022-03-22T17:20:41.537Z] > git for-each-ref --format=%(refname)%00%(upstream:short)%00%(objectname)%00%(upstream:track) refs/heads/master refs/remotes/master [1ms]
[2022-03-22T17:20:41.543Z] > git for-each-ref --sort -committerdate --format %(refname) %(objectname) %(*objectname) [3ms]
[2022-03-22T17:20:41.543Z] > git remote --verbose [1ms]
[2022-03-22T17:20:41.549Z] > git config --get commit.template [1ms]
[2022-03-22T18:20:12.855Z] > git symbolic-ref --short HEAD [0ms]
[2022-03-22T18:20:12.858Z] > git for-each-ref --format=%(refname)%00%(upstream:short)%00%(objectname)%00%(upstream:track) refs/heads/master refs/remotes/master [0ms]
[2022-03-22T18:20:12.864Z] > git for-each-ref --sort -committerdate --format %(refname) %(objectname) %(*objectname) [3ms]
[2022-03-22T18:20:12.864Z] > git remote --verbose [0ms]
[2022-03-22T18:20:12.870Z] > git config --get commit.template [0ms]
[2022-03-22T18:20:17.781Z] > git ls-files --stage -- /home/maxrink/.config/conkeww/conkeww-panes.yuck [1ms]
[2022-03-22T18:20:17.784Z] > git cat-file -s 58e652fd1f28670755853bfbb74da621c95beacb [0ms]
[2022-03-22T18:20:17.880Z] > git symbolic-ref --short HEAD [0ms]
[2022-03-22T18:20:17.883Z] > git for-each-ref --format=%(refname)%00%(upstream:short)%00%(objectname)%00%(upstream:track) refs/heads/master refs/remotes/master [0ms]
[2022-03-22T18:20:17.888Z] > git for-each-ref --sort -committerdate --format %(refname) %(objectname) %(*objectname) [2ms]
[2022-03-22T18:20:17.888Z] > git remote --verbose [0ms]
[2022-03-22T18:20:17.893Z] > git config --get commit.template [0ms]
[2022-03-22T18:38:08.032Z] > git symbolic-ref --short HEAD [1ms]
[2022-03-22T18:38:08.035Z] > git for-each-ref --format=%(refname)%00%(upstream:short)%00%(objectname)%00%(upstream:track) refs/heads/master refs/remotes/master [0ms]
[2022-03-22T18:38:08.041Z] > git for-each-ref --sort -committerdate --format %(refname) %(objectname) %(*objectname) [3ms]
[2022-03-22T18:38:08.041Z] > git remote --verbose [0ms]
[2022-03-22T18:38:08.048Z] > git config --get commit.template [1ms]
[2022-03-22T18:38:13.059Z] > git symbolic-ref --short HEAD [0ms]
[2022-03-22T18:38:13.062Z] > git for-each-ref --format=%(refname)%00%(upstream:short)%00%(objectname)%00%(upstream:track) refs/heads/master refs/remotes/master [0ms]
[2022-03-22T18:38:13.068Z] > git for-each-ref --sort -committerdate --format %(refname) %(objectname) %(*objectname) [3ms]
[2022-03-22T18:38:13.069Z] > git remote --verbose [0ms]
[2022-03-22T18:38:13.076Z] > git config --get commit.template [2ms]
[2022-03-22T18:38:18.086Z] > git symbolic-ref --short HEAD [0ms]
[2022-03-22T18:38:18.090Z] > git for-each-ref --format=%(refname)%00%(upstream:short)%00%(objectname)%00%(upstream:track) refs/heads/master refs/remotes/master [1ms]
[2022-03-22T18:38:18.095Z] > git for-each-ref --sort -committerdate --format %(refname) %(objectname) %(*objectname) [3ms]
[2022-03-22T18:38:18.095Z] > git remote --verbose [0ms]
[2022-03-22T18:38:18.102Z] > git config --get commit.template [0ms]
[2022-03-22T18:38:22.068Z] > git ls-tree -l HEAD -- /home/maxrink/.config/VSCodium/storage.json [2ms]
[2022-03-22T18:38:22.068Z] fatal: Not a valid object name HEAD
[2022-03-22T18:38:22.068Z] > git ls-files --stage -- /home/maxrink/.config/VSCodium/storage.json [1ms]
[2022-03-22T18:38:22.071Z] > git cat-file -s 1bbfa1ca11f8876f2354c689c991b098af63796a [1ms]
[2022-03-22T18:38:23.113Z] > git symbolic-ref --short HEAD [0ms]
[2022-03-22T18:38:23.116Z] > git for-each-ref --format=%(refname)%00%(upstream:short)%00%(objectname)%00%(upstream:track) refs/heads/master refs/remotes/master [0ms]
[2022-03-22T18:38:23.120Z] > git for-each-ref --sort -committerdate --format %(refname) %(objectname) %(*objectname) [2ms]
[2022-03-22T18:38:23.120Z] > git remote --verbose [0ms]
[2022-03-22T18:38:23.126Z] > git config --get commit.template [0ms]
[2022-03-22T18:38:28.138Z] > git symbolic-ref --short HEAD [1ms]
[2022-03-22T18:38:28.142Z] > git for-each-ref --format=%(refname)%00%(upstream:short)%00%(objectname)%00%(upstream:track) refs/heads/master refs/remotes/master [1ms]
[2022-03-22T18:38:28.146Z] > git for-each-ref --sort -committerdate --format %(refname) %(objectname) %(*objectname) [2ms]
[2022-03-22T18:38:28.146Z] > git remote --verbose [0ms]
[2022-03-22T18:38:28.150Z] > git config --get commit.template [0ms]
[2022-03-22T18:38:33.163Z] > git symbolic-ref --short HEAD [1ms]
[2022-03-22T18:38:33.167Z] > git for-each-ref --format=%(refname)%00%(upstream:short)%00%(objectname)%00%(upstream:track) refs/heads/master refs/remotes/master [1ms]
[2022-03-22T18:38:33.174Z] > git for-each-ref --sort -committerdate --format %(refname) %(objectname) %(*objectname) [4ms]
[2022-03-22T18:38:33.174Z] > git remote --verbose [1ms]
[2022-03-22T18:38:33.182Z] > git config --get commit.template [2ms]
[2022-03-22T18:38:38.193Z] > git symbolic-ref --short HEAD [0ms]
[2022-03-22T18:38:38.197Z] > git for-each-ref --format=%(refname)%00%(upstream:short)%00%(objectname)%00%(upstream:track) refs/heads/master refs/remotes/master [0ms]
[2022-03-22T18:38:38.203Z] > git remote --verbose [0ms]
[2022-03-22T18:38:38.203Z] > git for-each-ref --sort -committerdate --format %(refname) %(objectname) %(*objectname) [3ms]
[2022-03-22T18:38:38.212Z] > git config --get commit.template [1ms]
[2022-03-22T18:38:43.224Z] > git symbolic-ref --short HEAD [1ms]
[2022-03-22T18:38:43.227Z] > git for-each-ref --format=%(refname)%00%(upstream:short)%00%(objectname)%00%(upstream:track) refs/heads/master refs/remotes/master [0ms]
[2022-03-22T18:38:43.234Z] > git remote --verbose [1ms]
[2022-03-22T18:38:43.234Z] > git for-each-ref --sort -committerdate --format %(refname) %(objectname) %(*objectname) [3ms]
[2022-03-22T18:38:43.243Z] > git config --get commit.template [1ms]
[2022-03-22T18:38:48.256Z] > git symbolic-ref --short HEAD [1ms]
[2022-03-22T18:38:48.259Z] > git for-each-ref --format=%(refname)%00%(upstream:short)%00%(objectname)%00%(upstream:track) refs/heads/master refs/remotes/master [0ms]
[2022-03-22T18:38:48.266Z] > git for-each-ref --sort -committerdate --format %(refname) %(objectname) %(*objectname) [4ms]
[2022-03-22T18:38:48.266Z] > git remote --verbose [1ms]
[2022-03-22T18:38:48.272Z] > git config --get commit.template [0ms]
[2022-03-22T18:38:49.466Z] > git ls-files --stage -- /home/maxrink/.config/.gitignore [0ms]
[2022-03-22T18:38:53.283Z] > git symbolic-ref --short HEAD [0ms]
[2022-03-22T18:38:53.287Z] > git for-each-ref --format=%(refname)%00%(upstream:short)%00%(objectname)%00%(upstream:track) refs/heads/master refs/remotes/master [1ms]
[2022-03-22T18:38:53.293Z] > git for-each-ref --sort -committerdate --format %(refname) %(objectname) %(*objectname) [3ms]
[2022-03-22T18:38:53.293Z] > git remote --verbose [0ms]
[2022-03-22T18:38:53.301Z] > git config --get commit.template [1ms]
[2022-03-22T18:38:58.312Z] > git symbolic-ref --short HEAD [1ms]
[2022-03-22T18:38:58.315Z] > git for-each-ref --format=%(refname)%00%(upstream:short)%00%(objectname)%00%(upstream:track) refs/heads/master refs/remotes/master [1ms]
[2022-03-22T18:38:58.323Z] > git for-each-ref --sort -committerdate --format %(refname) %(objectname) %(*objectname) [5ms]
[2022-03-22T18:38:58.323Z] > git remote --verbose [1ms]
[2022-03-22T18:38:58.335Z] > git config --get commit.template [1ms]
[2022-03-22T18:38:59.639Z] > git add -A -- /home/maxrink/.config/VSCodium/Backups/workspaces.json /home/maxrink/.config/VSCodium/Cache/c88e9d07f90e9fda_0 /home/maxrink/.config/VSCodium/Cache/f12a3831021e439d_0 /home/maxrink/.config/VSCodium/Cache/index-dir/the-real-index /home/maxrink/.config/VSCodium/GPUCache/data_1 /home/maxrink/.config/VSCodium/Session Storage/000003.log /home/maxrink/.config/VSCodium/Session Storage/LOG /home/maxrink/.config/VSCodium/Session Storage/LOG.old /home/maxrink/.config/VSCodium/TransportSecurity /home/maxrink/.config/VSCodium/User/globalStorage/state.vscdb /home/maxrink/.config/VSCodium/User/workspaceStorage/f48b46d9ced59b761f96b11ded66e4cb/state.vscdb /home/maxrink/.config/VSCodium/logs/20220322T122512/exthost1/exthost.log /home/maxrink/.config/VSCodium/logs/20220322T122512/exthost1/output_logging_20220322T122513/1-Git.log /home/maxrink/.config/VSCodium/logs/20220322T122512/main.log /home/maxrink/.config/VSCodium/logs/20220322T122512/renderer1.log /home/maxrink/.config/VSCodium/logs/20220322T122512/sharedprocess.log /home/maxrink/.config/VSCodium/storage.json /home/maxrink/.config/conkeww/conkeww-panes.yuck /home/maxrink/.config/i3/polybar/modules /home/maxrink/.config/leftwm/themes/tomorrow-night/polybar.config /home/maxrink/.config/.gitignore [6ms]
[2022-03-22T18:38:59.639Z] The following paths are ignored by one of your .gitignore files:
VSCodium/Backups
VSCodium/Cache
VSCodium/GPUCache
VSCodium/Session Storage
VSCodium/User
VSCodium/logs
hint: Use -f if you really want to add them.
hint: Turn this message off by running
hint: "git config advice.addIgnoredFile false"
[2022-03-22T18:39:02.690Z] > git ls-files --stage -- /home/maxrink/.config/VSCodium/storage.json [3ms]
[2022-03-22T18:39:02.693Z] > git ls-tree -l HEAD -- /home/maxrink/.config/VSCodium/storage.json [8ms]
[2022-03-22T18:39:02.693Z] fatal: Not a valid object name HEAD
[2022-03-22T18:39:02.693Z] > git ls-files --stage -- /home/maxrink/.config/leftwm/config.toml [12ms]
[2022-03-22T18:39:02.696Z] > git cat-file -s c64b3cb567e8f49c3416639410239eb1a63458b0 [3ms]
[2022-03-22T18:39:02.697Z] > git ls-files --stage -- /home/maxrink/.config/.gitignore [7ms]
[2022-03-22T18:39:02.702Z] > git cat-file -s 9d9bc37a6961b0f137d60e6d6b9fa097ee2d81e7 [6ms]
[2022-03-22T18:39:02.705Z] > git cat-file -s 430885cac7c20de942e31bdc016620941e5dad79 [6ms]
[2022-03-22T18:39:05.183Z] > git symbolic-ref --short HEAD [1ms]
[2022-03-22T18:39:05.187Z] > git for-each-ref --format=%(refname)%00%(upstream:short)%00%(objectname)%00%(upstream:track) refs/heads/master refs/remotes/master [1ms]
[2022-03-22T18:39:05.193Z] > git for-each-ref --sort -committerdate --format %(refname) %(objectname) %(*objectname) [3ms]
[2022-03-22T18:39:05.193Z] > git remote --verbose [0ms]
[2022-03-22T18:39:05.200Z] > git config --get commit.template [0ms]
[2022-03-22T18:39:09.103Z] > git ls-files --stage -- /home/maxrink/.config/VSCodium/logs/20220322T122512/exthost1/output_logging_20220322T122513/1-Git.log [1ms]
[2022-03-22T18:39:09.107Z] > git cat-file -s 8a998f236930d60424719f804a221f5f02d65d63 [0ms]
[2022-03-22T18:39:10.210Z] > git symbolic-ref --short HEAD [0ms]
[2022-03-22T18:39:10.214Z] > git for-each-ref --format=%(refname)%00%(upstream:short)%00%(objectname)%00%(upstream:track) refs/heads/master refs/remotes/master [0ms]
[2022-03-22T18:39:10.220Z] > git for-each-ref --sort -committerdate --format %(refname) %(objectname) %(*objectname) [3ms]
[2022-03-22T18:39:10.220Z] > git remote --verbose [1ms]
[2022-03-22T18:39:10.228Z] > git config --get commit.template [0ms]
[2022-03-22T18:39:10.537Z] > git branch [0ms]
[2022-03-22T18:39:10.543Z] > git rm --cached -r -- . [2ms]
[2022-03-22T18:39:10.543Z] error: the following files have staged content different from both the
file and the HEAD:
    VSCodium/User/globalStorage/state.vscdb
    VSCodium/User/workspaceStorage/f48b46d9ced59b761f96b11ded66e4cb/state.vscdb
    VSCodium/logs/20220322T122512/exthost1/exthost.log
    VSCodium/logs/20220322T122512/exthost1/output_logging_20220322T122513/1-Git.log
    VSCodium/storage.json
(use -f to force removal)
[2022-03-22T18:39:11.502Z] > git ls-files --stage -- /home/maxrink/.config/VSCodium/logs/20220322T122512/exthost1/output_logging_20220322T122513/1-Git.log [1ms]
[2022-03-22T18:39:11.505Z] > git cat-file -s 8a998f236930d60424719f804a221f5f02d65d63 [1ms]
[2022-03-22T18:39:13.112Z] > git ls-files --stage -- /home/maxrink/.config/VSCodium/logs/20220322T122512/exthost1/output_logging_20220322T122513/1-Git.log [1ms]
[2022-03-22T18:39:13.115Z] > git cat-file -s 8a998f236930d60424719f804a221f5f02d65d63 [0ms]
[2022-03-22T18:39:15.238Z] > git symbolic-ref --short HEAD [1ms]
[2022-03-22T18:39:15.241Z] > git for-each-ref --format=%(refname)%00%(upstream:short)%00%(objectname)%00%(upstream:track) refs/heads/master refs/remotes/master [0ms]
[2022-03-22T18:39:15.248Z] > git remote --verbose [1ms]
[2022-03-22T18:39:15.248Z] > git for-each-ref --sort -committerdate --format %(refname) %(objectname) %(*objectname) [4ms]
[2022-03-22T18:39:15.255Z] > git config --get commit.template [0ms]
[2022-03-22T18:39:16.157Z] > git branch [0ms]
[2022-03-22T18:39:16.174Z] > git rm --cached -r -- . [13ms]
[2022-03-22T18:39:16.174Z] error: the following files have staged content different from both the
file and the HEAD:
    VSCodium/User/globalStorage/state.vscdb
    VSCodium/User/workspaceStorage/f48b46d9ced59b761f96b11ded66e4cb/state.vscdb
    VSCodium/logs/20220322T122512/exthost1/exthost.log
    VSCodium/logs/20220322T122512/exthost1/output_logging_20220322T122513/1-Git.log
    VSCodium/storage.json
(use -f to force removal)
[2022-03-22T18:39:16.711Z] > git ls-files --stage -- /home/maxrink/.config/VSCodium/logs/20220322T122512/exthost1/output_logging_20220322T122513/1-Git.log [1ms]
[2022-03-22T18:39:16.715Z] > git cat-file -s 8a998f236930d60424719f804a221f5f02d65d63 [1ms]
[2022-03-22T18:39:18.909Z] > git ls-files --stage -- /home/maxrink/.config/VSCodium/logs/20220322T122512/exthost1/output_logging_20220322T122513/1-Git.log [1ms]
[2022-03-22T18:39:18.912Z] > git cat-file -s 8a998f236930d60424719f804a221f5f02d65d63 [0ms]
[2022-03-22T18:39:20.264Z] > git symbolic-ref --short HEAD [0ms]
[2022-03-22T18:39:20.269Z] > git for-each-ref --format=%(refname)%00%(upstream:short)%00%(objectname)%00%(upstream:track) refs/heads/master refs/remotes/master [0ms]
[2022-03-22T18:39:20.274Z] > git for-each-ref --sort -committerdate --format %(refname) %(objectname) %(*objectname) [2ms]
[2022-03-22T18:39:20.275Z] > git remote --verbose [1ms]
[2022-03-22T18:39:20.284Z] > git config --get commit.template [3ms]
[2022-03-22T18:39:21.329Z] > git ls-files --stage -- /home/maxrink/.config/.gitignore [1ms]
[2022-03-22T18:39:21.332Z] > git cat-file -s 430885cac7c20de942e31bdc016620941e5dad79 [0ms]
[2022-03-22T18:39:25.295Z] > git symbolic-ref --short HEAD [1ms]
[2022-03-22T18:39:25.298Z] > git for-each-ref --format=%(refname)%00%(upstream:short)%00%(objectname)%00%(upstream:track) refs/heads/master refs/remotes/master [1ms]
[2022-03-22T18:39:25.304Z] > git remote --verbose [1ms]
[2022-03-22T18:39:25.304Z] > git for-each-ref --sort -committerdate --format %(refname) %(objectname) %(*objectname) [3ms]
[2022-03-22T18:39:25.310Z] > git config --get commit.template [0ms]
[2022-03-22T18:39:25.514Z] > git log --format=%H%n%aN%n%aE%n%at%n%ct%n%P%n%B -z -n21 -- /home/maxrink/.config/.gitignore [1ms]
[2022-03-22T18:39:25.514Z] fatal: your current branch 'master' does not have any commits yet
[2022-03-22T18:39:30.321Z] > git symbolic-ref --short HEAD [0ms]
[2022-03-22T18:39:30.325Z] > git for-each-ref --format=%(refname)%00%(upstream:short)%00%(objectname)%00%(upstream:track) refs/heads/master refs/remotes/master [1ms]
[2022-03-22T18:39:30.331Z] > git for-each-ref --sort -committerdate --format %(refname) %(objectname) %(*objectname) [3ms]
[2022-03-22T18:39:30.331Z] > git remote --verbose [0ms]
[2022-03-22T18:39:30.340Z] > git config --get commit.template [0ms]
[2022-03-22T18:39:35.351Z] > git symbolic-ref --short HEAD [1ms]
[2022-03-22T18:39:35.354Z] > git for-each-ref --format=%(refname)%00%(upstream:short)%00%(objectname)%00%(upstream:track) refs/heads/master refs/remotes/master [1ms]
[2022-03-22T18:39:35.359Z] > git for-each-ref --sort -committerdate --format %(refname) %(objectname) %(*objectname) [3ms]
[2022-03-22T18:39:35.359Z] > git remote --verbose [0ms]
[2022-03-22T18:39:35.365Z] > git config --get commit.template [1ms]
[2022-03-22T18:39:40.375Z] > git symbolic-ref --short HEAD [1ms]
[2022-03-22T18:39:40.378Z] > git for-each-ref --format=%(refname)%00%(upstream:short)%00%(objectname)%00%(upstream:track) refs/heads/master refs/remotes/master [1ms]
[2022-03-22T18:39:40.384Z] > git for-each-ref --sort -committerdate --format %(refname) %(objectname) %(*objectname) [3ms]
[2022-03-22T18:39:40.384Z] > git remote --verbose [0ms]
[2022-03-22T18:39:40.392Z] > git config --get commit.template [2ms]
[2022-03-22T18:39:42.941Z] > git ls-files --stage -- /home/maxrink/.config/leftwm/config.toml [2ms]
[2022-03-22T18:39:42.944Z] > git ls-files --stage -- /home/maxrink/.config/.gitignore [3ms]
[2022-03-22T18:39:42.947Z] > git cat-file -s 9d9bc37a6961b0f137d60e6d6b9fa097ee2d81e7 [3ms]
[2022-03-22T18:39:42.947Z] > git cat-file -s 430885cac7c20de942e31bdc016620941e5dad79 [0ms]
[2022-03-22T18:39:45.401Z] > git symbolic-ref --short HEAD [0ms]
[2022-03-22T18:39:45.405Z] > git for-each-ref --format=%(refname)%00%(upstream:short)%00%(objectname)%00%(upstream:track) refs/heads/master refs/remotes/master [1ms]
[2022-03-22T18:39:45.411Z] > git remote --verbose [1ms]
[2022-03-22T18:39:45.411Z] > git for-each-ref --sort -committerdate --format %(refname) %(objectname) %(*objectname) [3ms]
[2022-03-22T18:39:45.417Z] > git config --get commit.template [1ms]
[2022-03-22T18:39:50.428Z] > git symbolic-ref --short HEAD [1ms]
[2022-03-22T18:39:50.432Z] > git for-each-ref --format=%(refname)%00%(upstream:short)%00%(objectname)%00%(upstream:track) refs/heads/master refs/remotes/master [1ms]
[2022-03-22T18:39:50.439Z] > git remote --verbose [1ms]
[2022-03-22T18:39:50.439Z] > git for-each-ref --sort -committerdate --format %(refname) %(objectname) %(*objectname) [4ms]
[2022-03-22T18:39:50.445Z] > git config --get commit.template [1ms]
[2022-03-22T18:39:55.454Z] > git symbolic-ref --short HEAD [1ms]
[2022-03-22T18:39:55.457Z] > git for-each-ref --format=%(refname)%00%(upstream:short)%00%(objectname)%00%(upstream:track) refs/heads/master refs/remotes/master [0ms]
[2022-03-22T18:39:55.462Z] > git for-each-ref --sort -committerdate --format %(refname) %(objectname) %(*objectname) [2ms]
[2022-03-22T18:39:55.463Z] > git remote --verbose [1ms]
[2022-03-22T18:39:55.468Z] > git config --get commit.template [1ms]
[2022-03-22T18:40:00.480Z] > git symbolic-ref --short HEAD [0ms]
[2022-03-22T18:40:00.484Z] > git for-each-ref --format=%(refname)%00%(upstream:short)%00%(objectname)%00%(upstream:track) refs/heads/master refs/remotes/master [1ms]
[2022-03-22T18:40:00.490Z] > git for-each-ref --sort -committerdate --format %(refname) %(objectname) %(*objectname) [3ms]
[2022-03-22T18:40:00.491Z] > git remote --verbose [1ms]
[2022-03-22T18:40:00.499Z] > git config --get commit.template [2ms]
[2022-03-22T18:40:05.508Z] > git symbolic-ref --short HEAD [1ms]
[2022-03-22T18:40:05.511Z] > git for-each-ref --format=%(refname)%00%(upstream:short)%00%(objectname)%00%(upstream:track) refs/heads/master refs/remotes/master [1ms]
[2022-03-22T18:40:05.516Z] > git for-each-ref --sort -committerdate --format %(refname) %(objectname) %(*objectname) [3ms]
[2022-03-22T18:40:05.516Z] > git remote --verbose [0ms]
[2022-03-22T18:40:05.524Z] > git config --get commit.template [3ms]
[2022-03-22T18:40:10.534Z] > git symbolic-ref --short HEAD [0ms]
[2022-03-22T18:40:10.538Z] > git for-each-ref --format=%(refname)%00%(upstream:short)%00%(objectname)%00%(upstream:track) refs/heads/master refs/remotes/master [0ms]
[2022-03-22T18:40:10.545Z] > git for-each-ref --sort -committerdate --format %(refname) %(objectname) %(*objectname) [4ms]
[2022-03-22T18:40:10.545Z] > git remote --verbose [1ms]
[2022-03-22T18:40:10.552Z] > git config --get commit.template [1ms]
[2022-03-22T18:40:15.563Z] > git symbolic-ref --short HEAD [0ms]
[2022-03-22T18:40:15.566Z] > git for-each-ref --format=%(refname)%00%(upstream:short)%00%(objectname)%00%(upstream:track) refs/heads/master refs/remotes/master [0ms]
[2022-03-22T18:40:15.572Z] > git for-each-ref --sort -committerdate --format %(refname) %(objectname) %(*objectname) [3ms]
[2022-03-22T18:40:15.572Z] > git remote --verbose [1ms]
[2022-03-22T18:40:15.577Z] > git config --get commit.template [0ms]
[2022-03-22T18:40:20.587Z] > git symbolic-ref --short HEAD [0ms]
[2022-03-22T18:40:20.591Z] > git for-each-ref --format=%(refname)%00%(upstream:short)%00%(objectname)%00%(upstream:track) refs/heads/master refs/remotes/master [0ms]
[2022-03-22T18:40:20.598Z] > git for-each-ref --sort -committerdate --format %(refname) %(objectname) %(*objectname) [4ms]
[2022-03-22T18:40:20.598Z] > git remote --verbose [0ms]
[2022-03-22T18:40:20.606Z] > git config --get commit.template [1ms]
[2022-03-22T18:40:25.613Z] > git symbolic-ref --short HEAD [0ms]
[2022-03-22T18:40:25.615Z] > git for-each-ref --format=%(refname)%00%(upstream:short)%00%(objectname)%00%(upstream:track) refs/heads/master refs/remotes/master [0ms]
[2022-03-22T18:40:25.622Z] > git remote --verbose [1ms]
[2022-03-22T18:40:25.622Z] > git for-each-ref --sort -committerdate --format %(refname) %(objectname) %(*objectname) [4ms]
[2022-03-22T18:40:25.631Z] > git config --get commit.template [2ms]
[2022-03-22T18:40:30.641Z] > git symbolic-ref --short HEAD [1ms]
[2022-03-22T18:40:30.645Z] > git for-each-ref --format=%(refname)%00%(upstream:short)%00%(objectname)%00%(upstream:track) refs/heads/master refs/remotes/master [0ms]
[2022-03-22T18:40:30.652Z] > git for-each-ref --sort -committerdate --format %(refname) %(objectname) %(*objectname) [4ms]
[2022-03-22T18:40:30.652Z] > git remote --verbose [1ms]
[2022-03-22T18:40:30.660Z] > git config --get commit.template [1ms]
[2022-03-22T18:40:35.671Z] > git symbolic-ref --short HEAD [0ms]
[2022-03-22T18:40:35.674Z] > git for-each-ref --format=%(refname)%00%(upstream:short)%00%(objectname)%00%(upstream:track) refs/heads/master refs/remotes/master [0ms]
[2022-03-22T18:40:35.681Z] > git remote --verbose [0ms]
[2022-03-22T18:40:35.681Z] > git for-each-ref --sort -committerdate --format %(refname) %(objectname) %(*objectname) [3ms]
[2022-03-22T18:40:35.690Z] > git config --get commit.template [1ms]
[2022-03-22T18:40:40.699Z] > git symbolic-ref --short HEAD [0ms]
[2022-03-22T18:40:40.703Z] > git for-each-ref --format=%(refname)%00%(upstream:short)%00%(objectname)%00%(upstream:track) refs/heads/master refs/remotes/master [1ms]
[2022-03-22T18:40:40.709Z] > git for-each-ref --sort -committerdate --format %(refname) %(objectname) %(*objectname) [3ms]
[2022-03-22T18:40:40.709Z] > git remote --verbose [0ms]
[2022-03-22T18:40:40.717Z] > git config --get commit.template [1ms]
