[2022-03-22 12:25:13.289] [exthost] [info] Extension host with pid 3389 started
[2022-03-22 12:25:13.289] [exthost] [info] Skipping acquiring lock for /home/maxrink/.config/VSCodium/User/workspaceStorage/f48b46d9ced59b761f96b11ded66e4cb.
[2022-03-22 12:25:13.314] [exthost] [info] ExtensionService#_doActivateExtension vscode.debug-auto-launch, startup: true, activationEvent: '*'
[2022-03-22 12:25:13.316] [exthost] [info] ExtensionService#_doActivateExtension vscode.git-base, startup: true, activationEvent: '*', root cause: vscode.github
[2022-03-22 12:25:13.317] [exthost] [info] ExtensionService#_doActivateExtension vscode.ipynb, startup: true, activationEvent: '*'
[2022-03-22 12:25:13.325] [exthost] [info] ExtensionService#_doActivateExtension vscode.git, startup: true, activationEvent: '*'
[2022-03-22 12:25:13.333] [exthost] [info] ExtensionService#_doActivateExtension vscode.github, startup: true, activationEvent: '*'
[2022-03-22 12:25:13.347] [exthost] [info] Eager extensions activated
[2022-03-22 12:25:13.355] [exthost] [info] ExtensionService#_doActivateExtension vscode.emmet, startup: false, activationEvent: 'onStartupFinished'
[2022-03-22 12:25:13.358] [exthost] [info] ExtensionService#_doActivateExtension vscode.merge-conflict, startup: false, activationEvent: 'onStartupFinished'
[2022-03-22 12:36:33.394] [exthost] [info] ExtensionService#_doActivateExtension vscode.image-preview, startup: false, activationEvent: 'onCustomEditor:imagePreview.previewEditor'
[2022-03-22 12:53:24.136] [exthost] [warning] [Decorations] CAPPING events from decorations provider vscode.git 481
[2022-03-22 12:53:25.617] [exthost] [warning] [Decorations] CAPPING events from decorations provider vscode.git 481
[2022-03-22 12:53:32.926] [exthost] [warning] [Decorations] CAPPING events from decorations provider vscode.git 481
[2022-03-22 12:53:41.138] [exthost] [warning] [Decorations] CAPPING events from decorations provider vscode.git 481
[2022-03-22 12:59:40.156] [exthost] [warning] [Decorations] CAPPING events from decorations provider vscode.git 481
[2022-03-22 13:03:45.819] [exthost] [warning] [Decorations] CAPPING events from decorations provider vscode.git 488
[2022-03-22 13:03:50.844] [exthost] [warning] [Decorations] CAPPING events from decorations provider vscode.git 488
[2022-03-22 13:03:55.222] [exthost] [info] ExtensionService#_doActivateExtension vscode.configuration-editing, startup: false, activationEvent: 'onLanguage:json'
[2022-03-22 13:03:55.226] [exthost] [info] ExtensionService#_doActivateExtension vscode.extension-editing, startup: false, activationEvent: 'onLanguage:json'
[2022-03-22 13:03:55.229] [exthost] [info] ExtensionService#_doActivateExtension vscode.json-language-features, startup: false, activationEvent: 'onLanguage:json'
[2022-03-22 13:03:55.237] [exthost] [info] ExtensionService#_doActivateExtension vscode.npm, startup: false, activationEvent: 'onLanguage:json'
[2022-03-22 13:03:55.872] [exthost] [warning] [Decorations] CAPPING events from decorations provider vscode.git 489
[2022-03-22 13:04:00.899] [exthost] [warning] [Decorations] CAPPING events from decorations provider vscode.git 489
[2022-03-22 13:04:05.925] [exthost] [warning] [Decorations] CAPPING events from decorations provider vscode.git 489
[2022-03-22 13:04:10.958] [exthost] [warning] [Decorations] CAPPING events from decorations provider vscode.git 490
[2022-03-22 13:04:15.985] [exthost] [warning] [Decorations] CAPPING events from decorations provider vscode.git 490
[2022-03-22 13:04:21.017] [exthost] [warning] [Decorations] CAPPING events from decorations provider vscode.git 490
[2022-03-22 13:04:26.048] [exthost] [warning] [Decorations] CAPPING events from decorations provider vscode.git 490
[2022-03-22 13:04:31.079] [exthost] [warning] [Decorations] CAPPING events from decorations provider vscode.git 490
[2022-03-22 13:04:36.126] [exthost] [warning] [Decorations] CAPPING events from decorations provider vscode.git 491
[2022-03-22 13:04:41.154] [exthost] [warning] [Decorations] CAPPING events from decorations provider vscode.git 491
[2022-03-22 13:04:46.185] [exthost] [warning] [Decorations] CAPPING events from decorations provider vscode.git 491
[2022-03-22 13:18:47.284] [exthost] [warning] [Decorations] CAPPING events from decorations provider vscode.git 491
[2022-03-22 13:18:52.311] [exthost] [warning] [Decorations] CAPPING events from decorations provider vscode.git 491
[2022-03-22 13:18:57.339] [exthost] [warning] [Decorations] CAPPING events from decorations provider vscode.git 491
[2022-03-22 13:19:02.367] [exthost] [warning] [Decorations] CAPPING events from decorations provider vscode.git 491
[2022-03-22 13:19:07.399] [exthost] [warning] [Decorations] CAPPING events from decorations provider vscode.git 491
[2022-03-22 13:19:12.424] [exthost] [warning] [Decorations] CAPPING events from decorations provider vscode.git 491
[2022-03-22 13:19:17.452] [exthost] [warning] [Decorations] CAPPING events from decorations provider vscode.git 491
[2022-03-22 13:19:22.483] [exthost] [warning] [Decorations] CAPPING events from decorations provider vscode.git 491
[2022-03-22 13:19:27.258] [exthost] [error] {"message":"Git error","stdout":"","stderr":"fatal: pathspec '/home/maxrink/.config/leftwm/themes/current/polybar.config' is beyond a symbolic link\n","exitCode":128}
[2022-03-22 13:19:27.258] [exthost] [error] {"message":"Git error","stdout":"","stderr":"fatal: pathspec '/home/maxrink/.config/leftwm/themes/current/polybar.config' is beyond a symbolic link\n","exitCode":128}
[2022-03-22 13:19:27.510] [exthost] [warning] [Decorations] CAPPING events from decorations provider vscode.git 491
[2022-03-22 13:19:32.539] [exthost] [warning] [Decorations] CAPPING events from decorations provider vscode.git 491
[2022-03-22 13:19:37.568] [exthost] [warning] [Decorations] CAPPING events from decorations provider vscode.git 491
[2022-03-22 13:19:44.434] [exthost] [warning] [Decorations] CAPPING events from decorations provider vscode.git 491
[2022-03-22 13:19:49.465] [exthost] [warning] [Decorations] CAPPING events from decorations provider vscode.git 491
[2022-03-22 13:19:54.493] [exthost] [warning] [Decorations] CAPPING events from decorations provider vscode.git 491
[2022-03-22 13:20:01.319] [exthost] [warning] [Decorations] CAPPING events from decorations provider vscode.git 491
[2022-03-22 13:20:06.345] [exthost] [warning] [Decorations] CAPPING events from decorations provider vscode.git 491
[2022-03-22 13:20:11.369] [exthost] [warning] [Decorations] CAPPING events from decorations provider vscode.git 491
[2022-03-22 13:20:16.398] [exthost] [warning] [Decorations] CAPPING events from decorations provider vscode.git 491
[2022-03-22 13:20:21.428] [exthost] [warning] [Decorations] CAPPING events from decorations provider vscode.git 491
[2022-03-22 13:20:26.458] [exthost] [warning] [Decorations] CAPPING events from decorations provider vscode.git 492
[2022-03-22 13:20:31.487] [exthost] [warning] [Decorations] CAPPING events from decorations provider vscode.git 492
[2022-03-22 13:20:36.515] [exthost] [warning] [Decorations] CAPPING events from decorations provider vscode.git 491
[2022-03-22 13:20:41.545] [exthost] [warning] [Decorations] CAPPING events from decorations provider vscode.git 491
[2022-03-22 14:20:12.867] [exthost] [warning] [Decorations] CAPPING events from decorations provider vscode.git 493
[2022-03-22 14:20:17.890] [exthost] [warning] [Decorations] CAPPING events from decorations provider vscode.git 493
[2022-03-22 14:38:08.044] [exthost] [warning] [Decorations] CAPPING events from decorations provider vscode.git 493
[2022-03-22 14:38:13.071] [exthost] [warning] [Decorations] CAPPING events from decorations provider vscode.git 493
[2022-03-22 14:38:18.098] [exthost] [warning] [Decorations] CAPPING events from decorations provider vscode.git 493
[2022-03-22 14:38:23.123] [exthost] [warning] [Decorations] CAPPING events from decorations provider vscode.git 493
[2022-03-22 14:38:28.148] [exthost] [warning] [Decorations] CAPPING events from decorations provider vscode.git 493
[2022-03-22 14:38:33.177] [exthost] [warning] [Decorations] CAPPING events from decorations provider vscode.git 493
[2022-03-22 14:38:38.207] [exthost] [warning] [Decorations] CAPPING events from decorations provider vscode.git 493
[2022-03-22 14:38:43.237] [exthost] [warning] [Decorations] CAPPING events from decorations provider vscode.git 493
[2022-03-22 14:38:48.268] [exthost] [warning] [Decorations] CAPPING events from decorations provider vscode.git 493
[2022-03-22 14:38:53.296] [exthost] [warning] [Decorations] CAPPING events from decorations provider vscode.git 494
[2022-03-22 14:38:58.329] [exthost] [warning] [Decorations] CAPPING events from decorations provider vscode.git 494
[2022-03-22 14:39:05.196] [exthost] [warning] [Decorations] CAPPING events from decorations provider vscode.git 482
[2022-03-22 14:39:10.224] [exthost] [warning] [Decorations] CAPPING events from decorations provider vscode.git 482
[2022-03-22 14:39:15.250] [exthost] [warning] [Decorations] CAPPING events from decorations provider vscode.git 482
[2022-03-22 14:39:20.277] [exthost] [warning] [Decorations] CAPPING events from decorations provider vscode.git 482
[2022-03-22 14:39:25.306] [exthost] [warning] [Decorations] CAPPING events from decorations provider vscode.git 482
[2022-03-22 14:39:30.335] [exthost] [warning] [Decorations] CAPPING events from decorations provider vscode.git 482
[2022-03-22 14:39:35.361] [exthost] [warning] [Decorations] CAPPING events from decorations provider vscode.git 482
[2022-03-22 14:39:40.386] [exthost] [warning] [Decorations] CAPPING events from decorations provider vscode.git 482
[2022-03-22 14:39:45.413] [exthost] [warning] [Decorations] CAPPING events from decorations provider vscode.git 482
[2022-03-22 14:39:50.441] [exthost] [warning] [Decorations] CAPPING events from decorations provider vscode.git 482
[2022-03-22 14:39:55.464] [exthost] [warning] [Decorations] CAPPING events from decorations provider vscode.git 482
[2022-03-22 14:40:00.494] [exthost] [warning] [Decorations] CAPPING events from decorations provider vscode.git 482
[2022-03-22 14:40:05.518] [exthost] [warning] [Decorations] CAPPING events from decorations provider vscode.git 482
[2022-03-22 14:40:10.547] [exthost] [warning] [Decorations] CAPPING events from decorations provider vscode.git 482
[2022-03-22 14:40:15.574] [exthost] [warning] [Decorations] CAPPING events from decorations provider vscode.git 482
[2022-03-22 14:40:20.601] [exthost] [warning] [Decorations] CAPPING events from decorations provider vscode.git 482
[2022-03-22 14:40:25.625] [exthost] [warning] [Decorations] CAPPING events from decorations provider vscode.git 482
[2022-03-22 14:40:30.655] [exthost] [warning] [Decorations] CAPPING events from decorations provider vscode.git 482
[2022-03-22 14:40:35.685] [exthost] [warning] [Decorations] CAPPING events from decorations provider vscode.git 482
[2022-03-22 14:40:40.712] [exthost] [warning] [Decorations] CAPPING events from decorations provider vscode.git 482
